<?xml version="1.0" encoding="utf-8"?><testsuites name="pytest tests"><testsuite name="pytest" errors="0" failures="1" skipped="0" tests="24" time="9.583" timestamp="2026-03-25T15:16:33.269112+00:00" hostname="agent-env-2641218b-120f-46a3-acec-140c3d69d231"><testcase classname="backend.tests.test_new_features.TestAuthSetup" name="test_auth_me" time="0.902" /><testcase classname="backend.tests.test_new_features.TestShiftTemplates" name="test_create_shift_template" time="0.901" /><testcase classname="backend.tests.test_new_features.TestShiftTemplates" name="test_create_split_shift_template" time="0.143" /><testcase classname="backend.tests.test_new_features.TestShiftTemplates" name="test_get_shift_templates" time="0.160" /><testcase classname="backend.tests.test_new_features.TestShiftTemplates" name="test_update_shift_template" time="0.181" /><testcase classname="backend.tests.test_new_features.TestShiftTemplates" name="test_delete_shift_template" time="0.305" /><testcase classname="backend.tests.test_new_features.TestShiftTemplates" name="test_delete_split_template" time="0.163" /><testcase classname="backend.tests.test_new_features.TestCompanies" name="test_get_companies_creates_defaults" time="0.694" /><testcase classname="backend.tests.test_new_features.TestCompanies" name="test_update_company_name" time="0.372" /><testcase classname="backend.tests.test_new_features.TestCompanies" name="test_update_company_2_name" time="0.170" /><testcase classname="backend.tests.test_new_features.TestSplitShifts" name="test_create_split_shift" time="0.796" /><testcase classname="backend.tests.test_new_features.TestSplitShifts" name="test_get_split_shift" time="0.162" /><testcase classname="backend.tests.test_new_features.TestSplitShifts" name="test_update_split_shift" time="0.161" /><testcase classname="backend.tests.test_new_features.TestSplitShifts" name="test_delete_split_shift" time="0.184" /><testcase classname="backend.tests.test_new_features.TestCompanyFiltering" name="test_create_shift_company_1" time="0.692" /><testcase classname="backend.tests.test_new_features.TestCompanyFiltering" name="test_create_shift_company_2" time="0.144" /><testcase classname="backend.tests.test_new_features.TestCompanyFiltering" name="test_filter_shifts_by_company_1" time="0.167" /><testcase classname="backend.tests.test_new_features.TestCompanyFiltering" name="test_filter_shifts_by_company_2" time="0.169" /><testcase classname="backend.tests.test_new_features.TestCompanyFiltering" name="test_company_independence" time="0.327" /><testcase classname="backend.tests.test_new_features.TestCompanyFiltering" name="test_cleanup_company_shifts" time="0.304" /><testcase classname="backend.tests.test_new_features.TestPayrollWithCompany" name="test_payroll_with_company_filter" time="1.051"><failure message="AssertionError: Expected 162h monthly target&#10;assert 167.4 == 162.0">backend/tests/test_new_features.py:452: in test_payroll_with_company_filter
    assert data["jornada"]["horas_mes_objetivo"] == 162.0, "Expected 162h monthly target"
E   AssertionError: Expected 162h monthly target
E   assert 167.4 == 162.0</failure></testcase><testcase classname="backend.tests.test_new_features.TestShiftSymbols" name="test_create_shift_with_symbol" time="0.657" /><testcase classname="backend.tests.test_new_features.TestShiftSymbols" name="test_update_shift_symbol" time="0.179" /><testcase classname="backend.tests.test_new_features.TestShiftSymbols" name="test_cleanup_symbol_shift" time="0.147" /></testsuite></testsuites>